This is pdfTeX, Version 3.14159265-2.6-1.40.20 (MiKTeX 2.9.7000 64-bit) (preloaded format=pdflatex 2019.5.8)  9 MAY 2019 14:16
entering extended mode
**./example.tex
(example.tex
LaTeX2e <2018-12-01>
(mipt-thesis-bs.cls

LaTeX Warning: You have requested document class `mipt-thesis-bs',
               but the document class provides `mipt-thesis'.

Document Class: mipt-thesis 2014/06/18 Class for the BS thesis in the MIPT
(E:\PROG\MikTeX\tex/latex/base\book.cls
Document Class: book 2018/09/03 v1.4i Standard LaTeX document class
(E:\PROG\MikTeX\tex/latex/base\bk12.clo
File: bk12.clo 2018/09/03 v1.4i Standard LaTeX file (size option)
)
\c@part=\count80
\c@chapter=\count81
\c@section=\count82
\c@subsection=\count83
\c@subsubsection=\count84
\c@paragraph=\count85
\c@subparagraph=\count86
\c@figure=\count87
\c@table=\count88
\abovecaptionskip=\skip41
\belowcaptionskip=\skip42
\bibindent=\dimen102
)
(E:\PROG\MikTeX\tex/latex/amsmath\amsmath.sty
Package: amsmath 2018/12/01 v2.17b AMS math features
\@mathmargin=\skip43

For additional information on amsmath, use the `?' option.
(E:\PROG\MikTeX\tex/latex/amsmath\amstext.sty
Package: amstext 2000/06/29 v2.01 AMS text

(E:\PROG\MikTeX\tex/latex/amsmath\amsgen.sty
File: amsgen.sty 1999/11/30 v2.0 generic functions
\@emptytoks=\toks14
\ex@=\dimen103
))
(E:\PROG\MikTeX\tex/latex/amsmath\amsbsy.sty
Package: amsbsy 1999/11/29 v1.2d Bold Symbols
\pmbraise@=\dimen104
)
(E:\PROG\MikTeX\tex/latex/amsmath\amsopn.sty
Package: amsopn 2016/03/08 v2.02 operator names
)
\inf@bad=\count89
LaTeX Info: Redefining \frac on input line 223.
\uproot@=\count90
\leftroot@=\count91
LaTeX Info: Redefining \overline on input line 385.
\classnum@=\count92
\DOTSCASE@=\count93
LaTeX Info: Redefining \ldots on input line 482.
LaTeX Info: Redefining \dots on input line 485.
LaTeX Info: Redefining \cdots on input line 606.
\Mathstrutbox@=\box27
\strutbox@=\box28
\big@size=\dimen105
LaTeX Font Info:    Redeclaring font encoding OML on input line 729.
LaTeX Font Info:    Redeclaring font encoding OMS on input line 730.
\macc@depth=\count94
\c@MaxMatrixCols=\count95
\dotsspace@=\muskip10
\c@parentequation=\count96
\dspbrk@lvl=\count97
\tag@help=\toks15
\row@=\count98
\column@=\count99
\maxfields@=\count100
\andhelp@=\toks16
\eqnshift@=\dimen106
\alignsep@=\dimen107
\tagshift@=\dimen108
\tagwidth@=\dimen109
\totwidth@=\dimen110
\lineht@=\dimen111
\@envbody=\toks17
\multlinegap=\skip44
\multlinetaggap=\skip45
\mathdisplay@stack=\toks18
LaTeX Info: Redefining \[ on input line 2844.
LaTeX Info: Redefining \] on input line 2845.
)
(E:\PROG\MikTeX\tex/latex/amscls\amsthm.sty
Package: amsthm 2017/10/31 v2.20.4
\thm@style=\toks19
\thm@bodyfont=\toks20
\thm@headfont=\toks21
\thm@notefont=\toks22
\thm@headpunct=\toks23
\thm@preskip=\skip46
\thm@postskip=\skip47
\thm@headsep=\skip48
\dth@everypar=\toks24
)
(E:\PROG\MikTeX\tex/latex/amsfonts\amssymb.sty
Package: amssymb 2013/01/14 v3.01 AMS font symbols

(E:\PROG\MikTeX\tex/latex/amsfonts\amsfonts.sty
Package: amsfonts 2013/01/14 v3.01 Basic AMSFonts support
\symAMSa=\mathgroup4
\symAMSb=\mathgroup5
LaTeX Font Info:    Overwriting math alphabet `\mathfrak' in version `bold'
(Font)                  U/euf/m/n --> U/euf/b/n on input line 106.
)) (mathtext.sty
Package: mathtext 1999/01/28 v1.0 transparent text-and-math defs
LaTeX Info: Redefining \halign on input line 111.
)
(E:\PROG\MikTeX\tex/latex/base\fontenc.sty
Package: fontenc 2018/08/11 v2.0j Standard LaTeX package

(E:\PROG\MikTeX\tex/latex/base\t1enc.def
File: t1enc.def 2018/08/11 v2.0j Standard LaTeX file
LaTeX Font Info:    Redeclaring font encoding T1 on input line 48.
\symT1letters=\mathgroup6
)
(E:\PROG\MikTeX\tex/latex/base\ts1enc.def
File: ts1enc.def 2001/06/05 v3.0e (jk/car/fm) Standard LaTeX file
\symTS1letters=\mathgroup7
)
(E:\PROG\MikTeX\tex/latex/cyrillic\t2aenc.def
File: t2aenc.def 2005/09/27 v1.0i Cyrillic encoding definition file
\symT2Aletters=\mathgroup8
)
LaTeX Font Info:    Try loading font information for T2A+cmr on input line 105.


(E:\PROG\MikTeX\tex/latex/cyrillic\t2acmr.fd
File: t2acmr.fd 2001/08/11 v1.0a Computer Modern Cyrillic font definitions
))
(E:\PROG\MikTeX\tex/latex/base\inputenc.sty
Package: inputenc 2018/08/11 v1.3c Input encoding file
\inpenc@prehook=\toks25
\inpenc@posthook=\toks26
)
(E:\PROG\MikTeX\tex/generic/babel\babel.sty
Package: babel 2019/05/04 3.31 The Babel package

(E:\PROG\MikTeX\tex/generic/babel\switch.def
File: switch.def 2019/05/04 3.31 Babel switching mechanism
)
*************************************
* Local config file bblopts.cfg used
*
(E:\PROG\MikTeX\tex/latex/arabi\bblopts.cfg
File: bblopts.cfg 2005/09/08 v0.1 add Arabic and Farsi to "declared" options of
 babel
)
(E:\PROG\MikTeX\tex/latex/babel-english\english.ldf
Language: english 2017/06/06 v3.3r English support from the babel system

(E:\PROG\MikTeX\tex/generic/babel\babel.def
File: babel.def 2019/05/04 3.31 Babel common definitions
\babel@savecnt=\count101
\U@D=\dimen112

(E:\PROG\MikTeX\tex/generic/babel\txtbabel.def)
\bbl@dirlevel=\count102
)
\l@canadian = a dialect from \language\l@american 
\l@australian = a dialect from \language\l@british 
\l@newzealand = a dialect from \language\l@british 
)
(E:\PROG\MikTeX\tex/latex/babel-russian\russianb.ldf
Language: russian 2017/08/12 1.3j Russian support for the Babel system
Package babel Info: Making " an active character on input line 120.
Package babel Info: Default for \cyrdash is provided on input line 157.
))
(E:\PROG\MikTeX\tex/latex/geometry\geometry.sty
Package: geometry 2018/04/16 v5.8 Page Geometry

(E:\PROG\MikTeX\tex/latex/graphics\keyval.sty
Package: keyval 2014/10/28 v1.15 key=value parser (DPC)
\KV@toks@=\toks27
)
(E:\PROG\MikTeX\tex/generic/oberdiek\ifpdf.sty
Package: ifpdf 2018/09/07 v3.3 Provides the ifpdf switch
)
(E:\PROG\MikTeX\tex/generic/oberdiek\ifvtex.sty
Package: ifvtex 2016/05/16 v1.6 Detect VTeX and its facilities (HO)
Package ifvtex Info: VTeX not detected.
)
(E:\PROG\MikTeX\tex/generic/ifxetex\ifxetex.sty
Package: ifxetex 2010/09/12 v0.6 Provides ifxetex conditional
)
\Gm@cnth=\count103
\Gm@cntv=\count104
\c@Gm@tempcnt=\count105
\Gm@bindingoffset=\dimen113
\Gm@wd@mp=\dimen114
\Gm@odd@mp=\dimen115
\Gm@even@mp=\dimen116
\Gm@layoutwidth=\dimen117
\Gm@layoutheight=\dimen118
\Gm@layouthoffset=\dimen119
\Gm@layoutvoffset=\dimen120
\Gm@dimlist=\toks28

(E:\PROG\MikTeX\tex/latex/geometry\geometry.cfg)) (setspace.sty
Package: setspace 2011/12/19 v6.7a set line spacing
)
(E:\PROG\MikTeX\tex/latex/tools\indentfirst.sty
Package: indentfirst 1995/11/23 v1.03 Indent first paragraph (DPC)
)
(E:\PROG\MikTeX\tex/latex/fancyhdr\fancyhdr.sty
Package: fancyhdr 2019/01/31 v3.10 Extensive control of page headers and footer
s
\f@nch@headwidth=\skip49
\f@nch@O@elh=\skip50
\f@nch@O@erh=\skip51
\f@nch@O@olh=\skip52
\f@nch@O@orh=\skip53
\f@nch@O@elf=\skip54
\f@nch@O@erf=\skip55
\f@nch@O@olf=\skip56
\f@nch@O@orf=\skip57
)
(E:\PROG\MikTeX\tex/latex/nopageno\nopageno.sty
Package: nopageno 1989/01/01 no page numbers (DPC)
)
(E:\PROG\MikTeX\tex/latex/tocloft\tocloft.sty
Package: tocloft 2017/08/31 v2.3i parameterised ToC, etc., typesetting
Package tocloft Info: The document has chapter divisions on input line 51.
\cftparskip=\skip58
\cftbeforetoctitleskip=\skip59
\cftaftertoctitleskip=\skip60
\cftbeforepartskip=\skip61
\cftpartnumwidth=\skip62
\cftpartindent=\skip63
\cftbeforechapskip=\skip64
\cftchapindent=\skip65
\cftchapnumwidth=\skip66
\cftbeforesecskip=\skip67
\cftsecindent=\skip68
\cftsecnumwidth=\skip69
\cftbeforesubsecskip=\skip70
\cftsubsecindent=\skip71
\cftsubsecnumwidth=\skip72
\cftbeforesubsubsecskip=\skip73
\cftsubsubsecindent=\skip74
\cftsubsubsecnumwidth=\skip75
\cftbeforeparaskip=\skip76
\cftparaindent=\skip77
\cftparanumwidth=\skip78
\cftbeforesubparaskip=\skip79
\cftsubparaindent=\skip80
\cftsubparanumwidth=\skip81
\cftbeforeloftitleskip=\skip82
\cftafterloftitleskip=\skip83
\cftbeforefigskip=\skip84
\cftfigindent=\skip85
\cftfignumwidth=\skip86
\c@lofdepth=\count106
\c@lotdepth=\count107
\cftbeforelottitleskip=\skip87
\cftafterlottitleskip=\skip88
\cftbeforetabskip=\skip89
\cfttabindent=\skip90
\cfttabnumwidth=\skip91
) (mipt-thesis.sty
Package: mipt-thesis 2014/06/18 Supplementary packages of BS thesis class

(E:\PROG\MikTeX\tex/latex/tools\tabularx.sty
Package: tabularx 2016/02/03 v2.11b `tabularx' package (DPC)

(E:\PROG\MikTeX\tex/latex/tools\array.sty
Package: array 2018/12/30 v2.4k Tabular extension package (FMi)
\col@sep=\dimen121
\ar@mcellbox=\box29
\extrarowheight=\dimen122
\NC@list=\toks29
\extratabsurround=\skip92
\backup@length=\skip93
\ar@cellbox=\box30
)
\TX@col@width=\dimen123
\TX@old@table=\dimen124
\TX@old@col=\dimen125
\TX@target=\dimen126
\TX@delta=\dimen127
\TX@cols=\count108
\TX@ftn=\toks30
)
(E:\PROG\MikTeX\tex/latex/multirow\multirow.sty
Package: multirow 2019/01/01 v2.4 Span multiple rows of a table
\multirow@colwidth=\skip94
\multirow@cntb=\count109
\multirow@dima=\skip95
\bigstrutjot=\dimen128
)
(E:\PROG\MikTeX\tex/latex/siunitx\siunitx.sty
(E:\PROG\MikTeX\tex/latex/l3kernel\expl3.sty
Package: expl3 2019-05-05 L3 programming layer (loader) 

(E:\PROG\MikTeX\tex/latex/l3kernel\expl3-code.tex
Package: expl3 2019-05-05 L3 programming layer (code)
\c_max_int=\count110
\l_tmpa_int=\count111
\l_tmpb_int=\count112
\g_tmpa_int=\count113
\g_tmpb_int=\count114
\g__kernel_prg_map_int=\count115
\c__ior_term_ior=\count116
\c_log_iow=\count117
\l_iow_line_count_int=\count118
\l__iow_line_target_int=\count119
\l__iow_one_indent_int=\count120
\l__iow_indent_int=\count121
\c_zero_dim=\dimen129
\c_max_dim=\dimen130
\l_tmpa_dim=\dimen131
\l_tmpb_dim=\dimen132
\g_tmpa_dim=\dimen133
\g_tmpb_dim=\dimen134
\c_zero_skip=\skip96
\c_max_skip=\skip97
\l_tmpa_skip=\skip98
\l_tmpb_skip=\skip99
\g_tmpa_skip=\skip100
\g_tmpb_skip=\skip101
\c_zero_muskip=\muskip11
\c_max_muskip=\muskip12
\l_tmpa_muskip=\muskip13
\l_tmpb_muskip=\muskip14
\g_tmpa_muskip=\muskip15
\g_tmpb_muskip=\muskip16
\l_keys_choice_int=\count122
\l__intarray_loop_int=\count123
\c__intarray_sp_dim=\dimen135
\g__intarray_font_int=\count124
\c__fp_leading_shift_int=\count125
\c__fp_middle_shift_int=\count126
\c__fp_trailing_shift_int=\count127
\c__fp_big_leading_shift_int=\count128
\c__fp_big_middle_shift_int=\count129
\c__fp_big_trailing_shift_int=\count130
\c__fp_Bigg_leading_shift_int=\count131
\c__fp_Bigg_middle_shift_int=\count132
\c__fp_Bigg_trailing_shift_int=\count133
\c__kernel_randint_max_int=\count134
\g__fp_array_int=\count135
\l__fp_array_loop_int=\count136
\l__sort_length_int=\count137
\l__sort_min_int=\count138
\l__sort_top_int=\count139
\l__sort_max_int=\count140
\l__sort_true_max_int=\count141
\l__sort_block_int=\count142
\l__sort_begin_int=\count143
\l__sort_end_int=\count144
\l__sort_A_int=\count145
\l__sort_B_int=\count146
\l__sort_C_int=\count147
\l__tl_analysis_normal_int=\count148
\l__tl_analysis_index_int=\count149
\l__tl_analysis_nesting_int=\count150
\l__tl_analysis_type_int=\count151
\l__regex_internal_a_int=\count152
\l__regex_internal_b_int=\count153
\l__regex_internal_c_int=\count154
\l__regex_balance_int=\count155
\l__regex_group_level_int=\count156
\l__regex_mode_int=\count157
\c__regex_cs_in_class_mode_int=\count158
\c__regex_cs_mode_int=\count159
\l__regex_catcodes_int=\count160
\l__regex_default_catcodes_int=\count161
\c__regex_catcode_D_int=\count162
\c__regex_catcode_S_int=\count163
\c__regex_catcode_L_int=\count164
\c__regex_catcode_O_int=\count165
\c__regex_catcode_A_int=\count166
\c__regex_all_catcodes_int=\count167
\l__regex_show_lines_int=\count168
\l__regex_min_state_int=\count169
\l__regex_max_state_int=\count170
\l__regex_left_state_int=\count171
\l__regex_right_state_int=\count172
\l__regex_capturing_group_int=\count173
\l__regex_min_pos_int=\count174
\l__regex_max_pos_int=\count175
\l__regex_curr_pos_int=\count176
\l__regex_start_pos_int=\count177
\l__regex_success_pos_int=\count178
\l__regex_curr_char_int=\count179
\l__regex_curr_catcode_int=\count180
\l__regex_last_char_int=\count181
\l__regex_case_changed_char_int=\count182
\l__regex_curr_state_int=\count183
\l__regex_step_int=\count184
\l__regex_min_active_int=\count185
\l__regex_max_active_int=\count186
\l__regex_replacement_csnames_int=\count187
\l__regex_match_count_int=\count188
\l__regex_min_submatch_int=\count189
\l__regex_submatch_int=\count190
\l__regex_zeroth_submatch_int=\count191
\g__regex_trace_regex_int=\count192
\c_empty_box=\box31
\l_tmpa_box=\box32
\l_tmpb_box=\box33
\g_tmpa_box=\box34
\g_tmpb_box=\box35
\l__box_top_dim=\dimen136
\l__box_bottom_dim=\dimen137
\l__box_left_dim=\dimen138
\l__box_right_dim=\dimen139
\l__box_top_new_dim=\dimen140
\l__box_bottom_new_dim=\dimen141
\l__box_left_new_dim=\dimen142
\l__box_right_new_dim=\dimen143
\l__box_internal_box=\box36
\l__coffin_internal_box=\box37
\l__coffin_internal_dim=\dimen144
\l__coffin_offset_x_dim=\dimen145
\l__coffin_offset_y_dim=\dimen146
\l__coffin_x_dim=\dimen147
\l__coffin_y_dim=\dimen148
\l__coffin_x_prime_dim=\dimen149
\l__coffin_y_prime_dim=\dimen150
\c_empty_coffin=\box38
\l__coffin_aligned_coffin=\box39
\l__coffin_aligned_internal_coffin=\box40
\l_tmpa_coffin=\box41
\l_tmpb_coffin=\box42
\g_tmpa_coffin=\box43
\g_tmpb_coffin=\box44
\l__coffin_bounding_shift_dim=\dimen151
\l__coffin_left_corner_dim=\dimen152
\l__coffin_right_corner_dim=\dimen153
\l__coffin_bottom_corner_dim=\dimen154
\l__coffin_top_corner_dim=\dimen155
\l__coffin_scaled_total_height_dim=\dimen156
\l__coffin_scaled_width_dim=\dimen157
\c__coffin_empty_coffin=\box45
\l__coffin_display_coffin=\box46
\l__coffin_display_coord_coffin=\box47
\l__coffin_display_pole_coffin=\box48
\l__coffin_display_offset_dim=\dimen158
\l__coffin_display_x_dim=\dimen159
\l__coffin_display_y_dim=\dimen160
\g__file_internal_ior=\read1
\l__seq_internal_a_int=\count193
\l__seq_internal_b_int=\count194
\c__deprecation_minus_one=\count195
)
(E:\PROG\MikTeX\tex/latex/l3kernel\l3pdfmode.def
File: l3pdfmode.def 2019-04-06 v L3 Experimental driver: PDF mode
\l__driver_color_stack_int=\count196
\l__driver_pdf_tmp_box=\box49
))
(E:\PROG\MikTeX\tex/latex/l3packages/xparse\xparse.sty
Package: xparse 2019-05-03 L3 Experimental document command parser
\l__xparse_current_arg_int=\count197
\g__xparse_grabber_int=\count198
\l__xparse_m_args_int=\count199
\l__xparse_v_nesting_int=\count266
)
Package: siunitx 2018/05/17 v2.7s A comprehensive (SI) units package

(E:\PROG\MikTeX\tex/latex/l3packages/l3keys2e\l3keys2e.sty
Package: l3keys2e 2019-05-03 LaTeX2e option processing using LaTeX3 keys
)
\l__siunitx_tmp_box=\box50
\l__siunitx_tmp_dim=\dimen161
\l__siunitx_tmp_int=\count267
\l__siunitx_number_mantissa_length_int=\count268
\l__siunitx_number_uncert_length_int=\count269
\l__siunitx_round_int=\count270
\l__siunitx_process_decimal_int=\count271
\l__siunitx_process_uncertainty_int=\count272
\l__siunitx_process_fixed_int=\count273
\l__siunitx_process_integer_min_int=\count274
\l__siunitx_process_precision_int=\count275
\l__siunitx_group_min_int=\count276
\l__siunitx_angle_marker_box=\box51
\l__siunitx_angle_unit_box=\box52
\l__siunitx_angle_marker_dim=\dimen162
\l__siunitx_angle_unit_dim=\dimen163
\l__siunitx_unit_int=\count277
\l__siunitx_unit_denominator_int=\count278
\l__siunitx_unit_numerator_int=\count279
\l__siunitx_unit_prefix_int=\count280
\l__siunitx_unit_prefix_base_int=\count281
\l__siunitx_unit_prefix_gram_int=\count282
\l__siunitx_number_product_int=\count283
\c__siunitx_one_fill_skip=\skip102
\l__siunitx_table_unit_align_skip=\skip103
\l__siunitx_table_exponent_dim=\dimen164
\l__siunitx_table_integer_dim=\dimen165
\l__siunitx_table_mantissa_dim=\dimen166
\l__siunitx_table_marker_dim=\dimen167
\l__siunitx_table_result_dim=\dimen168
\l__siunitx_table_uncert_dim=\dimen169
\l__siunitx_table_fill_pre_dim=\dimen170
\l__siunitx_table_fill_post_dim=\dimen171
\l__siunitx_table_fill_mid_dim=\dimen172
\l__siunitx_table_pre_box=\box53
\l__siunitx_table_post_box=\box54
\l__siunitx_table_mantissa_box=\box55
\l__siunitx_table_result_box=\box56
\l__siunitx_table_number_align_skip=\skip104
\l__siunitx_table_text_align_skip=\skip105

(E:\PROG\MikTeX\tex/latex/translator\translator.sty
Package: translator 2018/01/04 v1.12 Easy translation of strings in LaTeX
))
(E:\PROG\MikTeX\tex/latex/esint\esint.sty
Package: esint 
\symlargesymbolsA=\mathgroup9
)
(E:\PROG\MikTeX\tex/latex/graphics\graphicx.sty
Package: graphicx 2017/06/01 v1.1a Enhanced LaTeX Graphics (DPC,SPQR)

(E:\PROG\MikTeX\tex/latex/graphics\graphics.sty
Package: graphics 2017/06/25 v1.2c Standard LaTeX Graphics (DPC,SPQR)

(E:\PROG\MikTeX\tex/latex/graphics\trig.sty
Package: trig 2016/01/03 v1.10 sin cos tan (DPC)
)
(E:\PROG\MikTeX\tex/latex/graphics-cfg\graphics.cfg
File: graphics.cfg 2016/06/04 v1.11 sample graphics configuration
)
Package graphics Info: Driver file: pdftex.def on input line 99.

(E:\PROG\MikTeX\tex/latex/graphics-def\pdftex.def
File: pdftex.def 2018/01/08 v1.0l Graphics/color driver for pdftex
))
\Gin@req@height=\dimen173
\Gin@req@width=\dimen174
)
(E:\PROG\MikTeX\tex/latex/caption\subcaption.sty
Package: subcaption 2018/05/01 v1.1-162 Sub-captions (AR)

(E:\PROG\MikTeX\tex/latex/caption\caption.sty
Package: caption 2018/10/06 v3.3-154 Customizing captions (AR)

(E:\PROG\MikTeX\tex/latex/caption\caption3.sty
Package: caption3 2018/09/12 v1.8c caption3 kernel (AR)
Package caption3 Info: TeX engine: e-TeX on input line 64.
\captionmargin=\dimen175
\captionmargin@=\dimen176
\captionwidth=\dimen177
\caption@tempdima=\dimen178
\caption@indent=\dimen179
\caption@parindent=\dimen180
\caption@hangindent=\dimen181
)
\c@caption@flags=\count284
\c@ContinuedFloat=\count285
)
\c@subfigure=\count286
\c@subtable=\count287
)
(E:\PROG\MikTeX\tex/latex/chngcntr\chngcntr.sty
Package: chngcntr 2018/04/09 v1.1a change counter resetting
Package chngcntr Info: \counterwithout already defined.
(chngcntr)             Quitting chngcntr on input line 21.
)))
(E:\PROG\MikTeX\tex/latex/base\fontenc.sty
Package: fontenc 2018/08/11 v2.0j Standard LaTeX package

(E:\PROG\MikTeX\tex/latex/cyrillic\t2aenc.def
File: t2aenc.def 2005/09/27 v1.0i Cyrillic encoding definition file
LaTeX Font Info:    Redeclaring font encoding T2A on input line 42.
LaTeX Font Info:    Redeclaring symbol font `T2Aletters' on input line 42.
LaTeX Font Info:    Overwriting symbol font `T2Aletters' in version `normal'
(Font)                  T2A/cmr/m/n --> T2A/cmr/m/n on input line 42.
LaTeX Font Info:    Overwriting symbol font `T2Aletters' in version `bold'
(Font)                  T2A/cmr/m/n --> T2A/cmr/m/n on input line 42.
LaTeX Font Info:    Redeclaring math symbol \T2Amath\textendash on input line 7
4.
LaTeX Font Info:    Redeclaring math symbol \T2Amath\cyrdash on input line 75.
LaTeX Font Info:    Redeclaring math symbol \T2Amath\textemdash on input line 7
6.
LaTeX Font Info:    Redeclaring math symbol \T2Amath\textcompwordmark on input 
line 77.
LaTeX Font Info:    Redeclaring math symbol \T2Amath\textvisiblespace on input 
line 78.
LaTeX Font Info:    Redeclaring math symbol \T2Amath\textdollar on input line 7
9.
LaTeX Font Info:    Redeclaring math symbol \T2Amath\textless on input line 80.

LaTeX Font Info:    Redeclaring math symbol \T2Amath\textgreater on input line 
81.
LaTeX Font Info:    Redeclaring math symbol \T2Amath\textbackslash on input lin
e 82.
LaTeX Font Info:    Redeclaring math symbol \T2Amath\textasciicircum on input l
ine 83.
LaTeX Font Info:    Redeclaring math symbol \T2Amath\textunderscore on input li
ne 84.
LaTeX Font Info:    Redeclaring math symbol \T2Amath\textbraceleft on input lin
e 85.
LaTeX Font Info:    Redeclaring math symbol \T2Amath\textbar on input line 86.
LaTeX Font Info:    Redeclaring math symbol \T2Amath\textbraceright on input li
ne 87.
LaTeX Font Info:    Redeclaring math symbol \T2Amath\textasciitilde on input li
ne 88.
LaTeX Font Info:    Redeclaring math symbol \T2Amath\textnumero on input line 8
9.
LaTeX Font Info:    Redeclaring math symbol \T2Amath\textcurrency on input line
 90.
LaTeX Font Info:    Redeclaring math symbol \T2Amath\textsection on input line 
91.
LaTeX Font Info:    Redeclaring math symbol \T2Amath\textquotedbl on input line
 92.
LaTeX Font Info:    Redeclaring math symbol \T2Amath\textquoteleft on input lin
e 93.
LaTeX Font Info:    Redeclaring math symbol \T2Amath\textquoteright on input li
ne 94.
LaTeX Font Info:    Redeclaring math symbol \T2Amath\textquotedblleft on input 
line 95.
LaTeX Font Info:    Redeclaring math symbol \T2Amath\textquotedblright on input
 line 96.
LaTeX Font Info:    Redeclaring math symbol \T2Amath\quotedblbase on input line
 97.
LaTeX Font Info:    Redeclaring math symbol \T2Amath\CYRpalochka on input line 
98.
LaTeX Font Info:    Redeclaring math symbol \T2Amath\cyrlangle on input line 99
.
LaTeX Font Info:    Redeclaring math symbol \T2Amath\cyrrangle on input line 10
0.
LaTeX Font Info:    Redeclaring math symbol \T2Amath\guillemotleft on input lin
e 101.
LaTeX Font Info:    Redeclaring math symbol \T2Amath\guillemotright on input li
ne 102.
LaTeX Font Info:    Redeclaring math symbol \T2Amath\i on input line 103.
LaTeX Font Info:    Redeclaring math symbol \T2Amath\j on input line 104.
LaTeX Font Info:    Redeclaring math symbol \T2Amath\CYRA on input line 106.
LaTeX Font Info:    Redeclaring math symbol \T2Amath\cyra on input line 107.
LaTeX Font Info:    Redeclaring math symbol \T2Amath\CYRB on input line 108.
LaTeX Font Info:    Redeclaring math symbol \T2Amath\cyrb on input line 109.
LaTeX Font Info:    Redeclaring math symbol \T2Amath\CYRV on input line 110.
LaTeX Font Info:    Redeclaring math symbol \T2Amath\cyrv on input line 111.
LaTeX Font Info:    Redeclaring math symbol \T2Amath\CYRG on input line 112.
LaTeX Font Info:    Redeclaring math symbol \T2Amath\cyrg on input line 113.
LaTeX Font Info:    Redeclaring math symbol \T2Amath\CYRD on input line 114.
LaTeX Font Info:    Redeclaring math symbol \T2Amath\cyrd on input line 115.
LaTeX Font Info:    Redeclaring math symbol \T2Amath\CYRE on input line 116.
LaTeX Font Info:    Redeclaring math symbol \T2Amath\cyre on input line 117.
LaTeX Font Info:    Redeclaring math symbol \T2Amath\CYRZH on input line 118.
LaTeX Font Info:    Redeclaring math symbol \T2Amath\cyrzh on input line 119.
LaTeX Font Info:    Redeclaring math symbol \T2Amath\CYRZ on input line 120.
LaTeX Font Info:    Redeclaring math symbol \T2Amath\cyrz on input line 121.
LaTeX Font Info:    Redeclaring math symbol \T2Amath\CYRI on input line 122.
LaTeX Font Info:    Redeclaring math symbol \T2Amath\cyri on input line 123.
LaTeX Font Info:    Redeclaring math symbol \T2Amath\CYRISHRT on input line 124
.
LaTeX Font Info:    Redeclaring math symbol \T2Amath\cyrishrt on input line 125
.
LaTeX Font Info:    Redeclaring math symbol \T2Amath\CYRK on input line 126.
LaTeX Font Info:    Redeclaring math symbol \T2Amath\cyrk on input line 127.
LaTeX Font Info:    Redeclaring math symbol \T2Amath\CYRL on input line 128.
LaTeX Font Info:    Redeclaring math symbol \T2Amath\cyrl on input line 129.
LaTeX Font Info:    Redeclaring math symbol \T2Amath\CYRM on input line 130.
LaTeX Font Info:    Redeclaring math symbol \T2Amath\cyrm on input line 131.
LaTeX Font Info:    Redeclaring math symbol \T2Amath\CYRN on input line 132.
LaTeX Font Info:    Redeclaring math symbol \T2Amath\cyrn on input line 133.
LaTeX Font Info:    Redeclaring math symbol \T2Amath\CYRO on input line 134.
LaTeX Font Info:    Redeclaring math symbol \T2Amath\cyro on input line 135.
LaTeX Font Info:    Redeclaring math symbol \T2Amath\CYRP on input line 136.
LaTeX Font Info:    Redeclaring math symbol \T2Amath\cyrp on input line 137.
LaTeX Font Info:    Redeclaring math symbol \T2Amath\CYRR on input line 138.
LaTeX Font Info:    Redeclaring math symbol \T2Amath\cyrr on input line 139.
LaTeX Font Info:    Redeclaring math symbol \T2Amath\CYRS on input line 140.
LaTeX Font Info:    Redeclaring math symbol \T2Amath\cyrs on input line 141.
LaTeX Font Info:    Redeclaring math symbol \T2Amath\CYRT on input line 142.
LaTeX Font Info:    Redeclaring math symbol \T2Amath\cyrt on input line 143.
LaTeX Font Info:    Redeclaring math symbol \T2Amath\CYRU on input line 144.
LaTeX Font Info:    Redeclaring math symbol \T2Amath\cyru on input line 145.
LaTeX Font Info:    Redeclaring math symbol \T2Amath\CYRF on input line 146.
LaTeX Font Info:    Redeclaring math symbol \T2Amath\cyrf on input line 147.
LaTeX Font Info:    Redeclaring math symbol \T2Amath\CYRH on input line 148.
LaTeX Font Info:    Redeclaring math symbol \T2Amath\cyrh on input line 149.
LaTeX Font Info:    Redeclaring math symbol \T2Amath\CYRC on input line 150.
LaTeX Font Info:    Redeclaring math symbol \T2Amath\cyrc on input line 151.
LaTeX Font Info:    Redeclaring math symbol \T2Amath\CYRCH on input line 152.
LaTeX Font Info:    Redeclaring math symbol \T2Amath\cyrch on input line 153.
LaTeX Font Info:    Redeclaring math symbol \T2Amath\CYRSH on input line 154.
LaTeX Font Info:    Redeclaring math symbol \T2Amath\cyrsh on input line 155.
LaTeX Font Info:    Redeclaring math symbol \T2Amath\CYRSHCH on input line 156.

LaTeX Font Info:    Redeclaring math symbol \T2Amath\cyrshch on input line 157.

LaTeX Font Info:    Redeclaring math symbol \T2Amath\CYRHRDSN on input line 158
.
LaTeX Font Info:    Redeclaring math symbol \T2Amath\cyrhrdsn on input line 159
.
LaTeX Font Info:    Redeclaring math symbol \T2Amath\CYRERY on input line 160.
LaTeX Font Info:    Redeclaring math symbol \T2Amath\cyrery on input line 161.
LaTeX Font Info:    Redeclaring math symbol \T2Amath\CYRSFTSN on input line 162
.
LaTeX Font Info:    Redeclaring math symbol \T2Amath\cyrsftsn on input line 163
.
LaTeX Font Info:    Redeclaring math symbol \T2Amath\CYREREV on input line 164.

LaTeX Font Info:    Redeclaring math symbol \T2Amath\cyrerev on input line 165.

LaTeX Font Info:    Redeclaring math symbol \T2Amath\CYRYU on input line 166.
LaTeX Font Info:    Redeclaring math symbol \T2Amath\cyryu on input line 167.
LaTeX Font Info:    Redeclaring math symbol \T2Amath\CYRYA on input line 168.
LaTeX Font Info:    Redeclaring math symbol \T2Amath\cyrya on input line 169.
LaTeX Font Info:    Redeclaring math symbol \T2Amath\CYRGUP on input line 170.
LaTeX Font Info:    Redeclaring math symbol \T2Amath\cyrgup on input line 171.
LaTeX Font Info:    Redeclaring math symbol \T2Amath\CYRGHCRS on input line 172
.
LaTeX Font Info:    Redeclaring math symbol \T2Amath\cyrghcrs on input line 173
.
LaTeX Font Info:    Redeclaring math symbol \T2Amath\CYRDJE on input line 174.
LaTeX Font Info:    Redeclaring math symbol \T2Amath\cyrdje on input line 175.
LaTeX Font Info:    Redeclaring math symbol \T2Amath\CYRTSHE on input line 176.

LaTeX Font Info:    Redeclaring math symbol \T2Amath\cyrtshe on input line 177.

LaTeX Font Info:    Redeclaring math symbol \T2Amath\CYRSHHA on input line 178.

LaTeX Font Info:    Redeclaring math symbol \T2Amath\cyrshha on input line 179.

LaTeX Font Info:    Redeclaring math symbol \T2Amath\CYRZHDSC on input line 180
.
LaTeX Font Info:    Redeclaring math symbol \T2Amath\cyrzhdsc on input line 181
.
LaTeX Font Info:    Redeclaring math symbol \T2Amath\CYRZDSC on input line 182.

LaTeX Font Info:    Redeclaring math symbol \T2Amath\cyrzdsc on input line 183.

LaTeX Font Info:    Redeclaring math symbol \T2Amath\CYRLJE on input line 184.
LaTeX Font Info:    Redeclaring math symbol \T2Amath\cyrlje on input line 185.
LaTeX Font Info:    Redeclaring math symbol \T2Amath\CYRYI on input line 186.
LaTeX Font Info:    Redeclaring math symbol \T2Amath\cyryi on input line 187.
LaTeX Font Info:    Redeclaring math symbol \T2Amath\CYRKDSC on input line 188.

LaTeX Font Info:    Redeclaring math symbol \T2Amath\cyrkdsc on input line 189.

LaTeX Font Info:    Redeclaring math symbol \T2Amath\CYRKBEAK on input line 190
.
LaTeX Font Info:    Redeclaring math symbol \T2Amath\cyrkbeak on input line 191
.
LaTeX Font Info:    Redeclaring math symbol \T2Amath\CYRKVCRS on input line 192
.
LaTeX Font Info:    Redeclaring math symbol \T2Amath\cyrkvcrs on input line 193
.
LaTeX Font Info:    Redeclaring math symbol \T2Amath\CYRAE on input line 194.
LaTeX Font Info:    Redeclaring math symbol \T2Amath\cyrae on input line 195.
LaTeX Font Info:    Redeclaring math symbol \T2Amath\CYRNDSC on input line 196.

LaTeX Font Info:    Redeclaring math symbol \T2Amath\cyrndsc on input line 197.

LaTeX Font Info:    Redeclaring math symbol \T2Amath\CYRNG on input line 198.
LaTeX Font Info:    Redeclaring math symbol \T2Amath\cyrng on input line 199.
LaTeX Font Info:    Redeclaring math symbol \T2Amath\CYRDZE on input line 200.
LaTeX Font Info:    Redeclaring math symbol \T2Amath\cyrdze on input line 201.
LaTeX Font Info:    Redeclaring math symbol \T2Amath\CYROTLD on input line 202.

LaTeX Font Info:    Redeclaring math symbol \T2Amath\cyrotld on input line 203.

LaTeX Font Info:    Redeclaring math symbol \T2Amath\CYRSDSC on input line 204.

LaTeX Font Info:    Redeclaring math symbol \T2Amath\cyrsdsc on input line 205.

LaTeX Font Info:    Redeclaring math symbol \T2Amath\CYRUSHRT on input line 206
.
LaTeX Font Info:    Redeclaring math symbol \T2Amath\cyrushrt on input line 207
.
LaTeX Font Info:    Redeclaring math symbol \T2Amath\CYRY on input line 208.
LaTeX Font Info:    Redeclaring math symbol \T2Amath\cyry on input line 209.
LaTeX Font Info:    Redeclaring math symbol \T2Amath\CYRYHCRS on input line 210
.
LaTeX Font Info:    Redeclaring math symbol \T2Amath\cyryhcrs on input line 211
.
LaTeX Font Info:    Redeclaring math symbol \T2Amath\CYRHDSC on input line 212.

LaTeX Font Info:    Redeclaring math symbol \T2Amath\cyrhdsc on input line 213.

LaTeX Font Info:    Redeclaring math symbol \T2Amath\CYRDZHE on input line 214.

LaTeX Font Info:    Redeclaring math symbol \T2Amath\cyrdzhe on input line 215.

LaTeX Font Info:    Redeclaring math symbol \T2Amath\CYRCHVCRS on input line 21
6.
LaTeX Font Info:    Redeclaring math symbol \T2Amath\cyrchvcrs on input line 21
7.
LaTeX Font Info:    Redeclaring math symbol \T2Amath\CYRCHRDSC on input line 21
8.
LaTeX Font Info:    Redeclaring math symbol \T2Amath\cyrchrdsc on input line 21
9.
LaTeX Font Info:    Redeclaring math symbol \T2Amath\CYRIE on input line 220.
LaTeX Font Info:    Redeclaring math symbol \T2Amath\cyrie on input line 221.
LaTeX Font Info:    Redeclaring math symbol \T2Amath\CYRSCHWA on input line 222
.
LaTeX Font Info:    Redeclaring math symbol \T2Amath\cyrschwa on input line 223
.
LaTeX Font Info:    Redeclaring math symbol \T2Amath\CYRNJE on input line 224.
LaTeX Font Info:    Redeclaring math symbol \T2Amath\cyrnje on input line 225.
LaTeX Font Info:    Redeclaring math symbol \T2Amath\CYRYO on input line 226.
LaTeX Font Info:    Redeclaring math symbol \T2Amath\cyryo on input line 227.
LaTeX Font Info:    Redeclaring math symbol \T2Amath\CYRII on input line 228.
LaTeX Font Info:    Redeclaring math symbol \T2Amath\cyrii on input line 229.
LaTeX Font Info:    Redeclaring math symbol \T2Amath\CYRJE on input line 230.
LaTeX Font Info:    Redeclaring math symbol \T2Amath\cyrje on input line 231.
LaTeX Font Info:    Redeclaring math symbol \T2Amath\CYRQ on input line 232.
LaTeX Font Info:    Redeclaring math symbol \T2Amath\cyrq on input line 233.
LaTeX Font Info:    Redeclaring math symbol \T2Amath\CYRW on input line 234.
LaTeX Font Info:    Redeclaring math symbol \T2Amath\cyrw on input line 235.
)) (example.aux)
\openout1 = `example.aux'.

LaTeX Font Info:    Checking defaults for OML/cmm/m/it on input line 21.
LaTeX Font Info:    ... okay on input line 21.
LaTeX Font Info:    Checking defaults for T1/cmr/m/n on input line 21.
LaTeX Font Info:    ... okay on input line 21.
LaTeX Font Info:    Checking defaults for OT1/cmr/m/n on input line 21.
LaTeX Font Info:    ... okay on input line 21.
LaTeX Font Info:    Checking defaults for OMS/cmsy/m/n on input line 21.
LaTeX Font Info:    ... okay on input line 21.
LaTeX Font Info:    Checking defaults for OMX/cmex/m/n on input line 21.
LaTeX Font Info:    ... okay on input line 21.
LaTeX Font Info:    Checking defaults for U/cmr/m/n on input line 21.
LaTeX Font Info:    ... okay on input line 21.
LaTeX Font Info:    Checking defaults for TS1/cmr/m/n on input line 21.
LaTeX Font Info:    Try loading font information for TS1+cmr on input line 21.

(E:\PROG\MikTeX\tex/latex/base\ts1cmr.fd
File: ts1cmr.fd 2014/09/29 v2.5h Standard LaTeX font definitions
)
LaTeX Font Info:    ... okay on input line 21.
LaTeX Font Info:    Checking defaults for T2A/cmr/m/n on input line 21.
LaTeX Font Info:    ... okay on input line 21.

*geometry* driver: auto-detecting
*geometry* detected driver: pdftex
*geometry* verbose mode - [ preamble ] result:
* driver: pdftex
* paper: <default>
* layout: <same size as paper>
* layoutoffset:(h,v)=(0.0pt,0.0pt)
* modes: twoside 
* h-part:(L,W,R)=(85.35826pt, 455.24411pt, 56.9055pt)
* v-part:(T,H,B)=(56.9055pt, 731.23584pt, 56.9055pt)
* \paperwidth=597.50787pt
* \paperheight=845.04684pt
* \textwidth=455.24411pt
* \textheight=731.23584pt
* \oddsidemargin=13.08827pt
* \evensidemargin=-15.36449pt
* \topmargin=-47.23828pt
* \headheight=12.0pt
* \headsep=19.8738pt
* \topskip=12.0pt
* \footskip=30.0pt
* \marginparwidth=88.0pt
* \marginparsep=7.0pt
* \columnsep=10.0pt
* \skip\footins=10.8pt plus 4.0pt minus 2.0pt
* \hoffset=0.0pt
* \voffset=0.0pt
* \mag=1000
* \@twocolumnfalse
* \@twosidetrue
* \@mparswitchtrue
* \@reversemarginfalse
* (1in=72.27pt=25.4mm, 1cm=28.453pt)

(E:\PROG\MikTeX\tex/latex/translator\translator-basic-dictionary-English.dict
Dictionary: translator-basic-dictionary, Language: English 
)
(E:\PROG\MikTeX\tex/latex/siunitx\siunitx-abbreviations.cfg
File: siunitx-abbreviations.cfg 2017/11/26 v2.7k siunitx: Abbreviated units
)
(E:\PROG\MikTeX\tex/latex/siunitx\siunitx-binary.cfg
File: siunitx-binary.cfg 2017/11/26 v2.7k siunitx: Binary units
)
(E:\PROG\MikTeX\tex/context/base/mkii\supp-pdf.mkii
[Loading MPS to PDF converter (version 2006.09.02).]
\scratchcounter=\count288
\scratchdimen=\dimen182
\scratchbox=\box57
\nofMPsegments=\count289
\nofMParguments=\count290
\everyMPshowfont=\toks31
\MPscratchCnt=\count291
\MPscratchDim=\dimen183
\MPnumerator=\count292
\makeMPintoPDFobject=\count293
\everyMPtoPDFconversion=\toks32
) (E:\PROG\MikTeX\tex/latex/oberdiek\epstopdf-base.sty
Package: epstopdf-base 2016/05/15 v2.6 Base part for package epstopdf

(E:\PROG\MikTeX\tex/generic/oberdiek\infwarerr.sty
Package: infwarerr 2016/05/16 v1.4 Providing info/warning/error messages (HO)
)
(E:\PROG\MikTeX\tex/latex/oberdiek\grfext.sty
Package: grfext 2016/05/16 v1.2 Manage graphics extensions (HO)

(E:\PROG\MikTeX\tex/generic/oberdiek\kvdefinekeys.sty
Package: kvdefinekeys 2016/05/16 v1.4 Define keys (HO)

(E:\PROG\MikTeX\tex/generic/oberdiek\ltxcmds.sty
Package: ltxcmds 2016/05/16 v1.23 LaTeX kernel commands for general use (HO)
)))
(E:\PROG\MikTeX\tex/latex/oberdiek\kvoptions.sty
Package: kvoptions 2016/05/16 v3.12 Key value format for package options (HO)

(E:\PROG\MikTeX\tex/generic/oberdiek\kvsetkeys.sty
Package: kvsetkeys 2016/05/16 v1.17 Key value parser (HO)

(E:\PROG\MikTeX\tex/generic/oberdiek\etexcmds.sty
Package: etexcmds 2016/05/16 v1.6 Avoid name clashes with e-TeX commands (HO)

(E:\PROG\MikTeX\tex/generic/oberdiek\ifluatex.sty
Package: ifluatex 2016/05/16 v1.4 Provides the ifluatex switch (HO)
Package ifluatex Info: LuaTeX not detected.
))))
(E:\PROG\MikTeX\tex/generic/oberdiek\pdftexcmds.sty
Package: pdftexcmds 2018/09/10 v0.29 Utility functions of pdfTeX for LuaTeX (HO
)
Package pdftexcmds Info: LuaTeX not detected.
Package pdftexcmds Info: \pdf@primitive is available.
Package pdftexcmds Info: \pdf@ifprimitive is available.
Package pdftexcmds Info: \pdfdraftmode found.
)
Package epstopdf-base Info: Redefining graphics rule for `.eps' on input line 4
38.
Package grfext Info: Graphics extension search list:
(grfext)             [.pdf,.png,.jpg,.mps,.jpeg,.jbig2,.jb2,.PDF,.PNG,.JPG,.JPE
G,.JBIG2,.JB2,.eps]
(grfext)             \AppendGraphicsExtensions on input line 456.
)
Package caption Info: Begin \AtBeginDocument code.
Package caption Info: End \AtBeginDocument code.
LaTeX Font Info:    Try loading font information for U+msa on input line 21.

(E:\PROG\MikTeX\tex/latex/amsfonts\umsa.fd
File: umsa.fd 2013/01/14 v3.01 AMS symbols A
)
LaTeX Font Info:    Try loading font information for U+msb on input line 21.

(E:\PROG\MikTeX\tex/latex/amsfonts\umsb.fd
File: umsb.fd 2013/01/14 v3.01 AMS symbols B
)
LaTeX Font Info:    Try loading font information for U+esint on input line 21.

(E:\PROG\MikTeX\tex/latex/esint\uesint.fd
File: uesint.fd 
)

! Package inputenc Error: Unicode character Я (U+042F)
(inputenc)                not set up for use with LaTeX.

See the inputenc package documentation for explanation.
Type  H <return>  for immediate help.
 ...                                              
                                                  
l.26 Я
        руууууу
You may provide a definition with
\DeclareUnicodeCharacter 


! Package inputenc Error: Unicode character р (U+0440)
(inputenc)                not set up for use with LaTeX.

See the inputenc package documentation for explanation.
Type  H <return>  for immediate help.
 ...                                              
                                                  
l.26 Я р
          уууууу
You may provide a definition with
\DeclareUnicodeCharacter 


! Package inputenc Error: Unicode character у (U+0443)
(inputenc)                not set up for use with LaTeX.

See the inputenc package documentation for explanation.
Type  H <return>  for immediate help.
 ...                                              
                                                  
l.26 Я ру
            ууууу
You may provide a definition with
\DeclareUnicodeCharacter 


! Package inputenc Error: Unicode character у (U+0443)
(inputenc)                not set up for use with LaTeX.

See the inputenc package documentation for explanation.
Type  H <return>  for immediate help.
 ...                                              
                                                  
l.26 Я руу
              уууу
You may provide a definition with
\DeclareUnicodeCharacter 


! Package inputenc Error: Unicode character у (U+0443)
(inputenc)                not set up for use with LaTeX.

See the inputenc package documentation for explanation.
Type  H <return>  for immediate help.
 ...                                              
                                                  
l.26 Я рууу
                ууу
You may provide a definition with
\DeclareUnicodeCharacter 


! Package inputenc Error: Unicode character у (U+0443)
(inputenc)                not set up for use with LaTeX.

See the inputenc package documentation for explanation.
Type  H <return>  for immediate help.
 ...                                              
                                                  
l.26 Я руууу
                  уу
You may provide a definition with
\DeclareUnicodeCharacter 


! Package inputenc Error: Unicode character у (U+0443)
(inputenc)                not set up for use with LaTeX.

See the inputenc package documentation for explanation.
Type  H <return>  for immediate help.
 ...                                              
                                                  
l.26 Я рууууу
                    у
You may provide a definition with
\DeclareUnicodeCharacter 


! Package inputenc Error: Unicode character у (U+0443)
(inputenc)                not set up for use with LaTeX.

See the inputenc package documentation for explanation.
Type  H <return>  for immediate help.
 ...                                              
                                                  
l.26 Я руууууу
                      
You may provide a definition with
\DeclareUnicodeCharacter 


Package Fancyhdr Warning: \headheight is too small (12.0pt): 
Make it at least 14.49998pt.
We now make it that large for the rest of the document.
This may cause the page layout to be inconsistent, however.

[1{C:/Users/Mik/AppData/Local/MiKTeX/2.9/pdftex/config/pdftex.map}

]
(example.aux) )
(\end occurred inside a group at level 1)

### semi simple group (level 1) entered at line 38 (\begingroup)
### bottom level 
Here is how much of TeX's memory you used:
 18298 strings out of 492895
 345656 string characters out of 3139550
 374538 words of memory out of 3000000
 22017 multiletter control sequences out of 15000+200000
 544312 words of font info for 60 fonts, out of 3000000 for 9000
 1141 hyphenation exceptions out of 8191
 56i,10n,67p,308b,2800s stack positions out of 5000i,500n,10000p,200000b,50000s
 <C:\Users\Mik\AppData\Local\MiKTeX\2.9\fonts/pk/ljfour/lh/lh-t
2a/dpi600\larm1200.pk>
Output written on example.pdf (1 page, 5678 bytes).
PDF statistics:
 22 PDF objects out of 1000 (max. 8388607)
 0 named destinations out of 1000 (max. 500000)
 1 words of extra memory for PDF output out of 10000 (max. 10000000)

